<?xml version="1.0" encoding="UTF-8"?>
<!-- Generated by org.testng.reporters.JUnitXMLReporter -->
<testsuite hostname="DESKTOP-81BPFCL" ignored="43" name="Test" tests="1" failures="1" timestamp="2020-08-02T20:12:29 IST" time="44.725" errors="0">
  <testcase name="SuccessfulOrderexecutionSingleCommand_XMLRequest" time="43.587" classname="E2ETestCases.dSP.regression">
    <failure type="org.openqa.selenium.NoSuchElementException" message="no such element: Unable to locate element: {&amp;quot;method&amp;quot;:&amp;quot;xpath&amp;quot;,&amp;quot;selector&amp;quot;:&amp;quot;//input[@name=&amp;quot;txtUsername&amp;quot;]&amp;quot;}
  (Session info: chrome=79.0.3945.88)
For documentation on this error, please visit: https://www.seleniumhq.org/exceptions/no_such_element.html
Build info: version: &amp;apos;3.141.59&amp;apos;, revision: &amp;apos;e82be7d358&amp;apos;, time: &amp;apos;2018-11-14T08:17:03&amp;apos;
System info: host: &amp;apos;DESKTOP-81BPFCL&amp;apos;, ip: &amp;apos;192.168.0.103&amp;apos;, os.name: &amp;apos;Windows 10&amp;apos;, os.arch: &amp;apos;amd64&amp;apos;, os.version: &amp;apos;10.0&amp;apos;, java.version: &amp;apos;1.8.0_251&amp;apos;
Driver info: org.openqa.selenium.chrome.ChromeDriver
Capabilities {acceptInsecureCerts: false, browserName: chrome, browserVersion: 79.0.3945.88, chrome: {chromedriverVersion: 79.0.3945.36 (3582db32b3389..., userDataDir: C:\Users\Viral\AppData\Loca...}, goog:chromeOptions: {debuggerAddress: localhost:60183}, javascriptEnabled: true, networkConnectionEnabled: false, pageLoadStrategy: normal, platform: WINDOWS, platformName: WINDOWS, proxy: Proxy(), setWindowRect: true, strictFileInteractability: false, timeouts: {implicit: 0, pageLoad: 300000, script: 30000}, unhandledPromptBehavior: dismiss and notify}
Session ID: 9c6ffd7416e4f0f820ce711200855536
*** Element info: {Using=xpath, value=//input[@name=&amp;quot;txtUsername&amp;quot;]}">
      <![CDATA[org.openqa.selenium.NoSuchElementException: no such element: Unable to locate element: {"method":"xpath","selector":"//input[@name="txtUsername"]"}
  (Session info: chrome=79.0.3945.88)
For documentation on this error, please visit: https://www.seleniumhq.org/exceptions/no_such_element.html
Build info: version: '3.141.59', revision: 'e82be7d358', time: '2018-11-14T08:17:03'
System info: host: 'DESKTOP-81BPFCL', ip: '192.168.0.103', os.name: 'Windows 10', os.arch: 'amd64', os.version: '10.0', java.version: '1.8.0_251'
Driver info: org.openqa.selenium.chrome.ChromeDriver
Capabilities {acceptInsecureCerts: false, browserName: chrome, browserVersion: 79.0.3945.88, chrome: {chromedriverVersion: 79.0.3945.36 (3582db32b3389..., userDataDir: C:\Users\Viral\AppData\Loca...}, goog:chromeOptions: {debuggerAddress: localhost:60183}, javascriptEnabled: true, networkConnectionEnabled: false, pageLoadStrategy: normal, platform: WINDOWS, platformName: WINDOWS, proxy: Proxy(), setWindowRect: true, strictFileInteractability: false, timeouts: {implicit: 0, pageLoad: 300000, script: 30000}, unhandledPromptBehavior: dismiss and notify}
Session ID: 9c6ffd7416e4f0f820ce711200855536
*** Element info: {Using=xpath, value=//input[@name="txtUsername"]}
at org.openqa.selenium.remote.http.W3CHttpResponseCodec.createException(W3CHttpResponseCodec.java:187)
at org.openqa.selenium.remote.http.W3CHttpResponseCodec.decode(W3CHttpResponseCodec.java:122)
at org.openqa.selenium.remote.http.W3CHttpResponseCodec.decode(W3CHttpResponseCodec.java:49)
at org.openqa.selenium.remote.HttpCommandExecutor.execute(HttpCommandExecutor.java:158)
at org.openqa.selenium.remote.service.DriverCommandExecutor.execute(DriverCommandExecutor.java:83)
at org.openqa.selenium.remote.RemoteWebDriver.execute(RemoteWebDriver.java:552)
at org.openqa.selenium.remote.RemoteWebDriver.findElement(RemoteWebDriver.java:323)
at org.openqa.selenium.remote.RemoteWebDriver.findElementByXPath(RemoteWebDriver.java:428)
at org.openqa.selenium.By$ByXPath.findElement(By.java:353)
at org.openqa.selenium.remote.RemoteWebDriver.findElement(RemoteWebDriver.java:315)
at com.pageobjects.LoginPage.getUsername(LoginPage.java:26)
at reusableMethods.Utilities.loginMethod(Utilities.java:36)
at E2ETestCases.dSP.regression.SuccessfulOrderexecutionSingleCommand_XMLRequest(regression.java:65)
at java.util.ArrayList.forEach(Unknown Source)
... Removed 31 stack frames]]>
    </failure>
  </testcase> <!-- SuccessfulOrderexecutionSingleCommand_XMLRequest -->
  <testcase name="FailedNBOrderRequest_DuplicateOrderID_JMSXML" time="0.0" classname="E2ETestCases.dSP.regression">
    <ignored/>
  </testcase> <!-- FailedNBOrderRequest_DuplicateOrderID_JMSXML -->
  <testcase name="FailedOrderexecutionSingleCommand_InvalidInput_XMLDevice" time="0.0" classname="E2ETestCases.dSP.regression">
    <ignored/>
  </testcase> <!-- FailedOrderexecutionSingleCommand_InvalidInput_XMLDevice -->
  <testcase name="FailedNBOrderRequest_SyntaticalErrors_RestAsync_JSON" time="0.0" classname="E2ETestCases.dSP.regression">
    <ignored/>
  </testcase> <!-- FailedNBOrderRequest_SyntaticalErrors_RestAsync_JSON -->
  <testcase name="FailedNBOrderRequest_InvalidData_RestAsync_JSON" time="0.0" classname="E2ETestCases.dSP.regression">
    <ignored/>
  </testcase> <!-- FailedNBOrderRequest_InvalidData_RestAsync_JSON -->
  <testcase name="FailedNBOrderRequest_InvalidRequest_RestAsync_JSON" time="0.0" classname="E2ETestCases.dSP.regression">
    <ignored/>
  </testcase> <!-- FailedNBOrderRequest_InvalidRequest_RestAsync_JSON -->
  <testcase name="FailedOrderexecutionSingleCommand_InvalidInput_JSONDevice" time="0.0" classname="E2ETestCases.dSP.regression">
    <ignored/>
  </testcase> <!-- FailedOrderexecutionSingleCommand_InvalidInput_JSONDevice -->
  <testcase name="FailedNBOrderRequest_DuplicateOrderID_RestAsync_JSON" time="0.0" classname="E2ETestCases.dSP.regression">
    <ignored/>
  </testcase> <!-- FailedNBOrderRequest_DuplicateOrderID_RestAsync_JSON -->
  <testcase name="PastScheduledproperty_NBOrderRequest_RestAsync_JSON" time="0.0" classname="E2ETestCases.dSP.regression">
    <ignored/>
  </testcase> <!-- PastScheduledproperty_NBOrderRequest_RestAsync_JSON -->
  <testcase name="FailedNBOrderRequest_SyntacticalErrors_JMSXML" time="0.0" classname="E2ETestCases.dSP.regression">
    <ignored/>
  </testcase> <!-- FailedNBOrderRequest_SyntacticalErrors_JMSXML -->
  <testcase name="FailedNBOrderRequest_InvalidRequest_JMSJSON_SBDevice_SOAP" time="0.0" classname="E2ETestCases.dSP.regression">
    <ignored/>
  </testcase> <!-- FailedNBOrderRequest_InvalidRequest_JMSJSON_SBDevice_SOAP -->
  <testcase name="SuccessfulNBOrderRequest_RESTASYNCXML" time="0.0" classname="E2ETestCases.dSP.regression">
    <ignored/>
  </testcase> <!-- SuccessfulNBOrderRequest_RESTASYNCXML -->
  <testcase name="FailedNBOrderRequest_IncorrectCommandURL_RestAsync_JSON" time="0.0" classname="E2ETestCases.dSP.regression">
    <ignored/>
  </testcase> <!-- FailedNBOrderRequest_IncorrectCommandURL_RestAsync_JSON -->
  <testcase name="SuccessfulNBOrderRequest_RESTASYNCJSON_SBDevice_SOAP" time="0.0" classname="E2ETestCases.dSP.regression">
    <ignored/>
  </testcase> <!-- SuccessfulNBOrderRequest_RESTASYNCJSON_SBDevice_SOAP -->
  <testcase name="FailedNBOrderRequest_IncorrectProvisioningURL_JMSXML" time="0.0" classname="E2ETestCases.dSP.regression">
    <ignored/>
  </testcase> <!-- FailedNBOrderRequest_IncorrectProvisioningURL_JMSXML -->
  <testcase name="Test1" time="0.0" classname="E2ETestCases.dSP.regression">
    <ignored/>
  </testcase> <!-- Test1 -->
  <testcase name="SuccessfulNBOrderRequest_RESTASYNCJSON" time="0.0" classname="E2ETestCases.dSP.regression">
    <ignored/>
  </testcase> <!-- SuccessfulNBOrderRequest_RESTASYNCJSON -->
  <testcase name="FailedOrderexecutionSingleCommand_InvalidProvisioningURL_XMLDevice" time="0.0" classname="E2ETestCases.dSP.regression">
    <ignored/>
  </testcase> <!-- FailedOrderexecutionSingleCommand_InvalidProvisioningURL_XMLDevice -->
  <testcase name="SuccessfulNBOrderRequest_JMSXML" time="0.0" classname="E2ETestCases.dSP.regression">
    <ignored/>
  </testcase> <!-- SuccessfulNBOrderRequest_JMSXML -->
  <testcase name="SuccessfulOrderexecutionSingleCommand_JSONRequest" time="0.0" classname="E2ETestCases.dSP.regression">
    <ignored/>
  </testcase> <!-- SuccessfulOrderexecutionSingleCommand_JSONRequest -->
  <testcase name="FailedNBOrderRequest_InvalidRequest_JMSXML_SBDevice_SOAP" time="0.0" classname="E2ETestCases.dSP.regression">
    <ignored/>
  </testcase> <!-- FailedNBOrderRequest_InvalidRequest_JMSXML_SBDevice_SOAP -->
  <testcase name="SuccessfulNBOrderRequest_RESTASYNCXML_SBDevice_SOAP" time="0.0" classname="E2ETestCases.dSP.regression">
    <ignored/>
  </testcase> <!-- SuccessfulNBOrderRequest_RESTASYNCXML_SBDevice_SOAP -->
  <testcase name="PastScheduledproperty_NBOrderRequest_RestAsync_XML" time="0.0" classname="E2ETestCases.dSP.regression">
    <ignored/>
  </testcase> <!-- PastScheduledproperty_NBOrderRequest_RestAsync_XML -->
  <testcase name="FailedNBOrderRequest_WithoutOrderID_RestAsync_JSON" time="0.0" classname="E2ETestCases.dSP.regression">
    <ignored/>
  </testcase> <!-- FailedNBOrderRequest_WithoutOrderID_RestAsync_JSON -->
  <testcase name="FailedNBOrderRequest_InvalidRequest_JMSXML" time="0.0" classname="E2ETestCases.dSP.regression">
    <ignored/>
  </testcase> <!-- FailedNBOrderRequest_InvalidRequest_JMSXML -->
  <testcase name="SuccessfulNBOrderRequest_JMSJSON" time="0.0" classname="E2ETestCases.dSP.regression">
    <ignored/>
  </testcase> <!-- SuccessfulNBOrderRequest_JMSJSON -->
  <testcase name="FailedNBOrderRequest_InvalidData_RestAsync_XML" time="0.0" classname="E2ETestCases.dSP.regression">
    <ignored/>
  </testcase> <!-- FailedNBOrderRequest_InvalidData_RestAsync_XML -->
  <testcase name="FailedOrderexecutionSingleCommand_InvalidProvisioningURL_JSONDevice" time="0.0" classname="E2ETestCases.dSP.regression">
    <ignored/>
  </testcase> <!-- FailedOrderexecutionSingleCommand_InvalidProvisioningURL_JSONDevice -->
  <testcase name="Test2" time="0.0" classname="E2ETestCases.dSP.regression">
    <ignored/>
  </testcase> <!-- Test2 -->
  <testcase name="FailedOrderexecutionSingleCommand_InvalidCommandURL_JSONDevice" time="0.0" classname="E2ETestCases.dSP.regression">
    <ignored/>
  </testcase> <!-- FailedOrderexecutionSingleCommand_InvalidCommandURL_JSONDevice -->
  <testcase name="FailedNBOrderRequest_IncorrectProvisioningURL_RestAsync_JSON" time="0.0" classname="E2ETestCases.dSP.regression">
    <ignored/>
  </testcase> <!-- FailedNBOrderRequest_IncorrectProvisioningURL_RestAsync_JSON -->
  <testcase name="FailedNBOrderRequest_SyntaticalErrors_RestAsync_XML" time="0.0" classname="E2ETestCases.dSP.regression">
    <ignored/>
  </testcase> <!-- FailedNBOrderRequest_SyntaticalErrors_RestAsync_XML -->
  <testcase name="FailedNBOrderRequest_SyntaticalErrors_JMSJSON" time="0.0" classname="E2ETestCases.dSP.regression">
    <ignored/>
  </testcase> <!-- FailedNBOrderRequest_SyntaticalErrors_JMSJSON -->
  <testcase name="SuccessfulNBOrderRequest_JMSXML_SBDevice_SOAP" time="0.0" classname="E2ETestCases.dSP.regression">
    <ignored/>
  </testcase> <!-- SuccessfulNBOrderRequest_JMSXML_SBDevice_SOAP -->
  <testcase name="FailedNBOrderRequest_WithoutOrderID_JMSXML" time="0.0" classname="E2ETestCases.dSP.regression">
    <ignored/>
  </testcase> <!-- FailedNBOrderRequest_WithoutOrderID_JMSXML -->
  <testcase name="FailedNBOrderRequest_InvalidRequest_JMSJSON" time="0.0" classname="E2ETestCases.dSP.regression">
    <ignored/>
  </testcase> <!-- FailedNBOrderRequest_InvalidRequest_JMSJSON -->
  <testcase name="FailedNBOrderRequest_InvalidRequest_RestAsync_JSON_SBDevice_SOAP" time="0.0" classname="E2ETestCases.dSP.regression">
    <ignored/>
  </testcase> <!-- FailedNBOrderRequest_InvalidRequest_RestAsync_JSON_SBDevice_SOAP -->
  <testcase name="FailedNBOrderRequest_InvalidData_JMSXML" time="0.0" classname="E2ETestCases.dSP.regression">
    <ignored/>
  </testcase> <!-- FailedNBOrderRequest_InvalidData_JMSXML -->
  <testcase name="FailedNBOrderRequest_InvalidRequest_RestAsync_XML_SBDevice_SOAP" time="0.0" classname="E2ETestCases.dSP.regression">
    <ignored/>
  </testcase> <!-- FailedNBOrderRequest_InvalidRequest_RestAsync_XML_SBDevice_SOAP -->
  <testcase name="FailedNBOrderRequest_IncorrectCommandURL_JMSXML" time="0.0" classname="E2ETestCases.dSP.regression">
    <ignored/>
  </testcase> <!-- FailedNBOrderRequest_IncorrectCommandURL_JMSXML -->
  <testcase name="FailedNBOrderRequest_InvalidData_JMSJSON" time="0.0" classname="E2ETestCases.dSP.regression">
    <ignored/>
  </testcase> <!-- FailedNBOrderRequest_InvalidData_JMSJSON -->
  <testcase name="SuccessfulNBOrderRequest_JMSJSON_SBDevice_SOAP" time="0.0" classname="E2ETestCases.dSP.regression">
    <ignored/>
  </testcase> <!-- SuccessfulNBOrderRequest_JMSJSON_SBDevice_SOAP -->
  <testcase name="FailedNBOrderRequest_InvalidRequest_RestAsync_XML" time="0.0" classname="E2ETestCases.dSP.regression">
    <ignored/>
  </testcase> <!-- FailedNBOrderRequest_InvalidRequest_RestAsync_XML -->
  <testcase name="FailedOrderexecutionSingleCommand_InvalidCommandURL_XMLDevice" time="0.0" classname="E2ETestCases.dSP.regression">
    <ignored/>
  </testcase> <!-- FailedOrderexecutionSingleCommand_InvalidCommandURL_XMLDevice -->
</testsuite> <!-- Test -->
